{"uuid":"1e74f463-b672-4992-bccc-92c341361f0a","historyId":"c5e44dca99a396a0831ab79957c66070","fullName":"As a customer I want to update the quantity of cart's products: Perform login with valid credentials then add a product to cart and update his quantity after adding it","labels":[{"name":"tag","value":"CartModification"},{"name":"host","value":"DESKTOP-5SIDRBI"},{"name":"thread","value":"19444@DESKTOP-5SIDRBI.main(1)"},{"name":"feature","value":"As a customer I want to update the quantity of cart's products"},{"name":"story","value":"Perform login with valid credentials then add a product to cart and update his quantity after adding it"},{"name":"suite","value":"As a customer I want to update the quantity of cart's products"},{"name":"testClass","value":"Perform login with valid credentials then add a product to cart and update his quantity after adding it"},{"name":"framework","value":"cucumber4jvm"},{"name":"language","value":"java"},{"name":"gherkin_uri","value":"file:///C:/Users/hambe/Desktop/STAGE/Pawk/ZenityProject/zenity-intranet-sample/zenity-intranet-sample/./src/test/resources/features/CartModification.feature"},{"name":"package","value":"src.test.resources.features.CartModification_feature.As a customer I want to update the quantity of cart's products"}],"links":[],"name":"Perform login with valid credentials then add a product to cart and update his quantity after adding it","status":"broken","statusDetails":{"known":false,"muted":false,"flaky":false,"message":"element click intercepted: Element <div id=\"style_content_cart_wrapper__mqNbf\">...</div> is not clickable at point (1356, 50). Other element would receive the click: <div id=\"style_container__P9Oh0\">...</div>\n  (Session info: chrome=101.0.4951.67)\nBuild info: version: '4.1.4', revision: '535d840ee2'\nSystem info: host: 'DESKTOP-5SIDRBI', ip: '192.168.56.1', os.name: 'Windows 10', os.arch: 'amd64', os.version: '10.0', java.version: '1.8.0_261'\nDriver info: org.openqa.selenium.chrome.ChromeDriver\nCommand: [9e6f195df82a07b01ae09d1a5364d726, clickElement {id=9ebbdafd-798c-4bd2-ae8e-487de2db8466}]\nCapabilities {acceptInsecureCerts: true, browserName: chrome, browserVersion: 101.0.4951.67, chrome: {chromedriverVersion: 101.0.4951.41 (93c720db8323..., userDataDir: C:\\Users\\hambe\\AppData\\Loca...}, goog:chromeOptions: {debuggerAddress: localhost:57685}, javascriptEnabled: true, networkConnectionEnabled: false, pageLoadStrategy: normal, platform: WINDOWS, platformName: WINDOWS, proxy: Proxy(), se:cdp: ws://localhost:57685/devtoo..., se:cdpVersion: 101.0.4951.67, setWindowRect: true, strictFileInteractability: false, timeouts: {implicit: 0, pageLoad: 300000, script: 30000}, unhandledPromptBehavior: dismiss and notify, webauthn:extension:credBlob: true, webauthn:extension:largeBlob: true, webauthn:virtualAuthenticators: true}\nElement: [[ChromeDriver: chrome on WINDOWS (9e6f195df82a07b01ae09d1a5364d726)] -> id: style_content_cart_wrapper__mqNbf]\nSession ID: 9e6f195df82a07b01ae09d1a5364d726","trace":"org.openqa.selenium.ElementClickInterceptedException: element click intercepted: Element <div id=\"style_content_cart_wrapper__mqNbf\">...</div> is not clickable at point (1356, 50). Other element would receive the click: <div id=\"style_container__P9Oh0\">...</div>\n  (Session info: chrome=101.0.4951.67)\nBuild info: version: '4.1.4', revision: '535d840ee2'\nSystem info: host: 'DESKTOP-5SIDRBI', ip: '192.168.56.1', os.name: 'Windows 10', os.arch: 'amd64', os.version: '10.0', java.version: '1.8.0_261'\nDriver info: org.openqa.selenium.chrome.ChromeDriver\nCommand: [9e6f195df82a07b01ae09d1a5364d726, clickElement {id=9ebbdafd-798c-4bd2-ae8e-487de2db8466}]\nCapabilities {acceptInsecureCerts: true, browserName: chrome, browserVersion: 101.0.4951.67, chrome: {chromedriverVersion: 101.0.4951.41 (93c720db8323..., userDataDir: C:\\Users\\hambe\\AppData\\Loca...}, goog:chromeOptions: {debuggerAddress: localhost:57685}, javascriptEnabled: true, networkConnectionEnabled: false, pageLoadStrategy: normal, platform: WINDOWS, platformName: WINDOWS, proxy: Proxy(), se:cdp: ws://localhost:57685/devtoo..., se:cdpVersion: 101.0.4951.67, setWindowRect: true, strictFileInteractability: false, timeouts: {implicit: 0, pageLoad: 300000, script: 30000}, unhandledPromptBehavior: dismiss and notify, webauthn:extension:credBlob: true, webauthn:extension:largeBlob: true, webauthn:virtualAuthenticators: true}\nElement: [[ChromeDriver: chrome on WINDOWS (9e6f195df82a07b01ae09d1a5364d726)] -> id: style_content_cart_wrapper__mqNbf]\nSession ID: 9e6f195df82a07b01ae09d1a5364d726\r\n\tat sun.reflect.NativeConstructorAccessorImpl.newInstance0(Native Method)\r\n\tat sun.reflect.NativeConstructorAccessorImpl.newInstance(NativeConstructorAccessorImpl.java:62)\r\n\tat sun.reflect.DelegatingConstructorAccessorImpl.newInstance(DelegatingConstructorAccessorImpl.java:45)\r\n\tat java.lang.reflect.Constructor.newInstance(Constructor.java:423)\r\n\tat org.openqa.selenium.remote.codec.w3c.W3CHttpResponseCodec.createException(W3CHttpResponseCodec.java:200)\r\n\tat org.openqa.selenium.remote.codec.w3c.W3CHttpResponseCodec.decode(W3CHttpResponseCodec.java:133)\r\n\tat org.openqa.selenium.remote.codec.w3c.W3CHttpResponseCodec.decode(W3CHttpResponseCodec.java:53)\r\n\tat org.openqa.selenium.remote.HttpCommandExecutor.execute(HttpCommandExecutor.java:184)\r\n\tat org.openqa.selenium.remote.service.DriverCommandExecutor.invokeExecute(DriverCommandExecutor.java:167)\r\n\tat org.openqa.selenium.remote.service.DriverCommandExecutor.execute(DriverCommandExecutor.java:142)\r\n\tat org.openqa.selenium.remote.RemoteWebDriver.execute(RemoteWebDriver.java:567)\r\n\tat org.openqa.selenium.remote.RemoteWebElement.execute(RemoteWebElement.java:251)\r\n\tat org.openqa.selenium.remote.RemoteWebElement.click(RemoteWebElement.java:77)\r\n\tat sun.reflect.NativeMethodAccessorImpl.invoke0(Native Method)\r\n\tat sun.reflect.NativeMethodAccessorImpl.invoke(NativeMethodAccessorImpl.java:62)\r\n\tat sun.reflect.DelegatingMethodAccessorImpl.invoke(DelegatingMethodAccessorImpl.java:43)\r\n\tat java.lang.reflect.Method.invoke(Method.java:498)\r\n\tat org.openqa.selenium.support.pagefactory.internal.LocatingElementHandler.invoke(LocatingElementHandler.java:52)\r\n\tat com.sun.proxy.$Proxy29.click(Unknown Source)\r\n\tat com.zenity.intranet.pageObjects.Page.clickOn(Page.java:125)\r\n\tat com.zenity.intranet.pageObjects.HomePage.clickOnCartLogo(HomePage.java:52)\r\n\tat com.zenity.intranet.steps.CartModifSteps.clickOnTheShoppingCartButtonAtTheTopRight(CartModifSteps.java:41)\r\n\tat ✽.click on the shopping cart button at the top right(file:///C:/Users/hambe/Desktop/STAGE/Pawk/ZenityProject/zenity-intranet-sample/zenity-intranet-sample/./src/test/resources/features/CartModification.feature:13)\r\n"},"stage":"finished","steps":[{"name":"Given  user is at the login page","status":"passed","statusDetails":{"known":false,"muted":false,"flaky":false},"stage":"finished","steps":[],"attachments":[],"parameters":[],"start":1652884846444,"stop":1652884848866},{"name":"When  user is logging-in with \"237pk69@gmail.com\" \"P@wk/*69\"","status":"passed","statusDetails":{"known":false,"muted":false,"flaky":false},"stage":"finished","steps":[],"attachments":[],"parameters":[],"start":1652884848867,"stop":1652884849596},{"name":"And  remove all in cart","status":"passed","statusDetails":{"known":false,"muted":false,"flaky":false},"stage":"finished","steps":[],"attachments":[],"parameters":[],"start":1652884849596,"stop":1652884851885},{"name":"And  click on the product","status":"passed","statusDetails":{"known":false,"muted":false,"flaky":false},"stage":"finished","steps":[],"attachments":[],"parameters":[],"start":1652884851885,"stop":1652884852516},{"name":"And  click on the + button to increase the quantity of this product in the cart","status":"passed","statusDetails":{"known":false,"muted":false,"flaky":false},"stage":"finished","steps":[],"attachments":[],"parameters":[],"start":1652884852516,"stop":1652884852601},{"name":"And  click on the add to cart button","status":"passed","statusDetails":{"known":false,"muted":false,"flaky":false},"stage":"finished","steps":[],"attachments":[],"parameters":[],"start":1652884852601,"stop":1652884854811},{"name":"And  click on the product","status":"passed","statusDetails":{"known":false,"muted":false,"flaky":false},"stage":"finished","steps":[],"attachments":[],"parameters":[],"start":1652884854812,"stop":1652884854894},{"name":"And  click on the + button to increase the quantity of this product in the cart","status":"passed","statusDetails":{"known":false,"muted":false,"flaky":false},"stage":"finished","steps":[],"attachments":[],"parameters":[],"start":1652884854894,"stop":1652884854971},{"name":"And  click on the add to cart button","status":"passed","statusDetails":{"known":false,"muted":false,"flaky":false},"stage":"finished","steps":[],"attachments":[],"parameters":[],"start":1652884854971,"stop":1652884857319},{"name":"And  click on the shopping cart button at the top right","status":"broken","statusDetails":{"known":false,"muted":false,"flaky":false,"message":"element click intercepted: Element <div id=\"style_content_cart_wrapper__mqNbf\">...</div> is not clickable at point (1356, 50). Other element would receive the click: <div id=\"style_container__P9Oh0\">...</div>\n  (Session info: chrome=101.0.4951.67)\nBuild info: version: '4.1.4', revision: '535d840ee2'\nSystem info: host: 'DESKTOP-5SIDRBI', ip: '192.168.56.1', os.name: 'Windows 10', os.arch: 'amd64', os.version: '10.0', java.version: '1.8.0_261'\nDriver info: org.openqa.selenium.chrome.ChromeDriver\nCommand: [9e6f195df82a07b01ae09d1a5364d726, clickElement {id=9ebbdafd-798c-4bd2-ae8e-487de2db8466}]\nCapabilities {acceptInsecureCerts: true, browserName: chrome, browserVersion: 101.0.4951.67, chrome: {chromedriverVersion: 101.0.4951.41 (93c720db8323..., userDataDir: C:\\Users\\hambe\\AppData\\Loca...}, goog:chromeOptions: {debuggerAddress: localhost:57685}, javascriptEnabled: true, networkConnectionEnabled: false, pageLoadStrategy: normal, platform: WINDOWS, platformName: WINDOWS, proxy: Proxy(), se:cdp: ws://localhost:57685/devtoo..., se:cdpVersion: 101.0.4951.67, setWindowRect: true, strictFileInteractability: false, timeouts: {implicit: 0, pageLoad: 300000, script: 30000}, unhandledPromptBehavior: dismiss and notify, webauthn:extension:credBlob: true, webauthn:extension:largeBlob: true, webauthn:virtualAuthenticators: true}\nElement: [[ChromeDriver: chrome on WINDOWS (9e6f195df82a07b01ae09d1a5364d726)] -> id: style_content_cart_wrapper__mqNbf]\nSession ID: 9e6f195df82a07b01ae09d1a5364d726","trace":"org.openqa.selenium.ElementClickInterceptedException: element click intercepted: Element <div id=\"style_content_cart_wrapper__mqNbf\">...</div> is not clickable at point (1356, 50). Other element would receive the click: <div id=\"style_container__P9Oh0\">...</div>\n  (Session info: chrome=101.0.4951.67)\nBuild info: version: '4.1.4', revision: '535d840ee2'\nSystem info: host: 'DESKTOP-5SIDRBI', ip: '192.168.56.1', os.name: 'Windows 10', os.arch: 'amd64', os.version: '10.0', java.version: '1.8.0_261'\nDriver info: org.openqa.selenium.chrome.ChromeDriver\nCommand: [9e6f195df82a07b01ae09d1a5364d726, clickElement {id=9ebbdafd-798c-4bd2-ae8e-487de2db8466}]\nCapabilities {acceptInsecureCerts: true, browserName: chrome, browserVersion: 101.0.4951.67, chrome: {chromedriverVersion: 101.0.4951.41 (93c720db8323..., userDataDir: C:\\Users\\hambe\\AppData\\Loca...}, goog:chromeOptions: {debuggerAddress: localhost:57685}, javascriptEnabled: true, networkConnectionEnabled: false, pageLoadStrategy: normal, platform: WINDOWS, platformName: WINDOWS, proxy: Proxy(), se:cdp: ws://localhost:57685/devtoo..., se:cdpVersion: 101.0.4951.67, setWindowRect: true, strictFileInteractability: false, timeouts: {implicit: 0, pageLoad: 300000, script: 30000}, unhandledPromptBehavior: dismiss and notify, webauthn:extension:credBlob: true, webauthn:extension:largeBlob: true, webauthn:virtualAuthenticators: true}\nElement: [[ChromeDriver: chrome on WINDOWS (9e6f195df82a07b01ae09d1a5364d726)] -> id: style_content_cart_wrapper__mqNbf]\nSession ID: 9e6f195df82a07b01ae09d1a5364d726\r\n\tat sun.reflect.NativeConstructorAccessorImpl.newInstance0(Native Method)\r\n\tat sun.reflect.NativeConstructorAccessorImpl.newInstance(NativeConstructorAccessorImpl.java:62)\r\n\tat sun.reflect.DelegatingConstructorAccessorImpl.newInstance(DelegatingConstructorAccessorImpl.java:45)\r\n\tat java.lang.reflect.Constructor.newInstance(Constructor.java:423)\r\n\tat org.openqa.selenium.remote.codec.w3c.W3CHttpResponseCodec.createException(W3CHttpResponseCodec.java:200)\r\n\tat org.openqa.selenium.remote.codec.w3c.W3CHttpResponseCodec.decode(W3CHttpResponseCodec.java:133)\r\n\tat org.openqa.selenium.remote.codec.w3c.W3CHttpResponseCodec.decode(W3CHttpResponseCodec.java:53)\r\n\tat org.openqa.selenium.remote.HttpCommandExecutor.execute(HttpCommandExecutor.java:184)\r\n\tat org.openqa.selenium.remote.service.DriverCommandExecutor.invokeExecute(DriverCommandExecutor.java:167)\r\n\tat org.openqa.selenium.remote.service.DriverCommandExecutor.execute(DriverCommandExecutor.java:142)\r\n\tat org.openqa.selenium.remote.RemoteWebDriver.execute(RemoteWebDriver.java:567)\r\n\tat org.openqa.selenium.remote.RemoteWebElement.execute(RemoteWebElement.java:251)\r\n\tat org.openqa.selenium.remote.RemoteWebElement.click(RemoteWebElement.java:77)\r\n\tat sun.reflect.NativeMethodAccessorImpl.invoke0(Native Method)\r\n\tat sun.reflect.NativeMethodAccessorImpl.invoke(NativeMethodAccessorImpl.java:62)\r\n\tat sun.reflect.DelegatingMethodAccessorImpl.invoke(DelegatingMethodAccessorImpl.java:43)\r\n\tat java.lang.reflect.Method.invoke(Method.java:498)\r\n\tat org.openqa.selenium.support.pagefactory.internal.LocatingElementHandler.invoke(LocatingElementHandler.java:52)\r\n\tat com.sun.proxy.$Proxy29.click(Unknown Source)\r\n\tat com.zenity.intranet.pageObjects.Page.clickOn(Page.java:125)\r\n\tat com.zenity.intranet.pageObjects.HomePage.clickOnCartLogo(HomePage.java:52)\r\n\tat com.zenity.intranet.steps.CartModifSteps.clickOnTheShoppingCartButtonAtTheTopRight(CartModifSteps.java:41)\r\n\tat ✽.click on the shopping cart button at the top right(file:///C:/Users/hambe/Desktop/STAGE/Pawk/ZenityProject/zenity-intranet-sample/zenity-intranet-sample/./src/test/resources/features/CartModification.feature:13)\r\n"},"stage":"finished","steps":[],"attachments":[],"parameters":[],"start":1652884857320,"stop":1652884858460},{"name":"Then  we observe that the basket has been updated","status":"skipped","statusDetails":{"known":false,"muted":false,"flaky":false},"stage":"finished","steps":[],"attachments":[],"parameters":[],"start":1652884858460,"stop":1652884858461}],"attachments":[],"parameters":[{"name":"email","value":"237pk69@gmail.com"},{"name":"password","value":"P@wk/*69"}],"start":1652884846431,"stop":1652884858462}